<?xml version="1.0" encoding="UTF-8"?>
<!-- Generated by org.testng.reporters.JUnitReportReporter -->
<testsuite skipped="1" hostname="DESKTOP-27L8JE7" name="switches.AlertHandling" tests="2" failures="0" timestamp="07 Apr 2021 02:49:27 GMT" time="12.557" errors="1">
  <testcase name="beforeMethod" time="12.557" classname="switches.AlertHandling">
    <error type="org.openqa.selenium.SessionNotCreatedException" message="session not created: This version of ChromeDriver only supports Chrome version 87
Current browser version is 89.0.4389.114 with binary path C:\Program Files (x86)\Google\Chrome\Application\chrome.exe
Build info: version: &#039;3.141.59&#039;, revision: &#039;e82be7d358&#039;, time: &#039;2018-11-14T08:17:03&#039;
System info: host: &#039;DESKTOP-27L8JE7&#039;, ip: &#039;10.0.0.4&#039;, os.name: &#039;Windows 10&#039;, os.arch: &#039;amd64&#039;, os.version: &#039;10.0&#039;, java.version: &#039;1.8.0_241&#039;
Driver info: driver.version: ChromeDriver
remote stacktrace: Backtrace:
	Ordinal0 [0x012AC0C3+3326147]
	Ordinal0 [0x01190851+2164817]
	Ordinal0 [0x01017298+619160]
	Ordinal0 [0x00F91D92+73106]
	Ordinal0 [0x00F8E119+57625]
	Ordinal0 [0x00F8C38A+50058]
	Ordinal0 [0x00FB5F3E+220990]
	Ordinal0 [0x00FB5CAC+220332]
	Ordinal0 [0x00FB189B+202907]
	Ordinal0 [0x00F93DF4+81396]
	Ordinal0 [0x00F94DEE+85486]
	Ordinal0 [0x00F94D79+85369]
	Ordinal0 [0x011A85DC+2262492]
	GetHandleVerifier [0x01432874+1487204]
	GetHandleVerifier [0x014323CD+1486013]
	GetHandleVerifier [0x0143A368+1518680]
	GetHandleVerifier [0x01432F4E+1488958]
	Ordinal0 [0x0119ED0D+2223373]
	Ordinal0 [0x011AA12B+2269483]
	Ordinal0 [0x011AA26F+2269807]
	Ordinal0 [0x011BECB8+2354360]
	BaseThreadInitThunk [0x7500FA29+25]
	RtlGetAppContainerNamedObjectPath [0x76F27C7E+286]
	RtlGetAppContainerNamedObjectPath [0x76F27C4E+238]
">
      <![CDATA[org.openqa.selenium.SessionNotCreatedException: session not created: This version of ChromeDriver only supports Chrome version 87
Current browser version is 89.0.4389.114 with binary path C:\Program Files (x86)\Google\Chrome\Application\chrome.exe
Build info: version: '3.141.59', revision: 'e82be7d358', time: '2018-11-14T08:17:03'
System info: host: 'DESKTOP-27L8JE7', ip: '10.0.0.4', os.name: 'Windows 10', os.arch: 'amd64', os.version: '10.0', java.version: '1.8.0_241'
Driver info: driver.version: ChromeDriver
remote stacktrace: Backtrace:
Ordinal0 [0x012AC0C3+3326147]
Ordinal0 [0x01190851+2164817]
Ordinal0 [0x01017298+619160]
Ordinal0 [0x00F91D92+73106]
Ordinal0 [0x00F8E119+57625]
Ordinal0 [0x00F8C38A+50058]
Ordinal0 [0x00FB5F3E+220990]
Ordinal0 [0x00FB5CAC+220332]
Ordinal0 [0x00FB189B+202907]
Ordinal0 [0x00F93DF4+81396]
Ordinal0 [0x00F94DEE+85486]
Ordinal0 [0x00F94D79+85369]
Ordinal0 [0x011A85DC+2262492]
GetHandleVerifier [0x01432874+1487204]
GetHandleVerifier [0x014323CD+1486013]
GetHandleVerifier [0x0143A368+1518680]
GetHandleVerifier [0x01432F4E+1488958]
Ordinal0 [0x0119ED0D+2223373]
Ordinal0 [0x011AA12B+2269483]
Ordinal0 [0x011AA26F+2269807]
Ordinal0 [0x011BECB8+2354360]
BaseThreadInitThunk [0x7500FA29+25]
RtlGetAppContainerNamedObjectPath [0x76F27C7E+286]
RtlGetAppContainerNamedObjectPath [0x76F27C4E+238]

at sun.reflect.NativeConstructorAccessorImpl.newInstance0(Native Method)
at sun.reflect.NativeConstructorAccessorImpl.newInstance(Unknown Source)
at sun.reflect.DelegatingConstructorAccessorImpl.newInstance(Unknown Source)
at java.lang.reflect.Constructor.newInstance(Unknown Source)
at org.openqa.selenium.remote.W3CHandshakeResponse.lambda$errorHandler$0(W3CHandshakeResponse.java:62)
at org.openqa.selenium.remote.HandshakeResponse.lambda$getResponseFunction$0(HandshakeResponse.java:30)
at org.openqa.selenium.remote.ProtocolHandshake.lambda$createSession$0(ProtocolHandshake.java:126)
at java.util.stream.ReferencePipeline$3$1.accept(Unknown Source)
at java.util.Spliterators$ArraySpliterator.tryAdvance(Unknown Source)
at java.util.stream.ReferencePipeline.forEachWithCancel(Unknown Source)
at java.util.stream.AbstractPipeline.copyIntoWithCancel(Unknown Source)
at java.util.stream.AbstractPipeline.copyInto(Unknown Source)
at java.util.stream.AbstractPipeline.wrapAndCopyInto(Unknown Source)
at java.util.stream.FindOps$FindOp.evaluateSequential(Unknown Source)
at java.util.stream.AbstractPipeline.evaluate(Unknown Source)
at java.util.stream.ReferencePipeline.findFirst(Unknown Source)
at org.openqa.selenium.remote.ProtocolHandshake.createSession(ProtocolHandshake.java:128)
at org.openqa.selenium.remote.ProtocolHandshake.createSession(ProtocolHandshake.java:74)
at org.openqa.selenium.remote.HttpCommandExecutor.execute(HttpCommandExecutor.java:136)
at org.openqa.selenium.remote.service.DriverCommandExecutor.execute(DriverCommandExecutor.java:83)
at org.openqa.selenium.remote.RemoteWebDriver.execute(RemoteWebDriver.java:552)
at org.openqa.selenium.remote.RemoteWebDriver.startSession(RemoteWebDriver.java:213)
at org.openqa.selenium.remote.RemoteWebDriver.<init>(RemoteWebDriver.java:131)
at org.openqa.selenium.chrome.ChromeDriver.<init>(ChromeDriver.java:181)
at org.openqa.selenium.chrome.ChromeDriver.<init>(ChromeDriver.java:168)
at org.openqa.selenium.chrome.ChromeDriver.<init>(ChromeDriver.java:123)
at switches.AlertHandling.beforeMethod(AlertHandling.java:23)
at sun.reflect.NativeMethodAccessorImpl.invoke0(Native Method)
at sun.reflect.NativeMethodAccessorImpl.invoke(Unknown Source)
at sun.reflect.DelegatingMethodAccessorImpl.invoke(Unknown Source)
at java.lang.reflect.Method.invoke(Unknown Source)
at org.testng.internal.MethodInvocationHelper.invokeMethod(MethodInvocationHelper.java:124)
at org.testng.internal.MethodInvocationHelper.invokeMethodConsideringTimeout(MethodInvocationHelper.java:59)
at org.testng.internal.Invoker.invokeConfigurationMethod(Invoker.java:458)
at org.testng.internal.Invoker.invokeConfigurations(Invoker.java:222)
at org.testng.internal.Invoker.invokeMethod(Invoker.java:523)
at org.testng.internal.Invoker.invokeTestMethod(Invoker.java:719)
at org.testng.internal.Invoker.invokeTestMethods(Invoker.java:989)
at org.testng.internal.TestMethodWorker.invokeTestMethods(TestMethodWorker.java:125)
at org.testng.internal.TestMethodWorker.run(TestMethodWorker.java:109)
at org.testng.TestRunner.privateRun(TestRunner.java:648)
at org.testng.TestRunner.run(TestRunner.java:505)
at org.testng.SuiteRunner.runTest(SuiteRunner.java:455)
at org.testng.SuiteRunner.runSequentially(SuiteRunner.java:450)
at org.testng.SuiteRunner.privateRun(SuiteRunner.java:415)
at org.testng.SuiteRunner.run(SuiteRunner.java:364)
at org.testng.SuiteRunnerWorker.runSuite(SuiteRunnerWorker.java:52)
at org.testng.SuiteRunnerWorker.run(SuiteRunnerWorker.java:84)
at org.testng.TestNG.runSuitesSequentially(TestNG.java:1208)
at org.testng.TestNG.runSuitesLocally(TestNG.java:1137)
at org.testng.TestNG.runSuites(TestNG.java:1049)
at org.testng.TestNG.run(TestNG.java:1017)
at org.testng.remote.AbstractRemoteTestNG.run(AbstractRemoteTestNG.java:115)
at org.testng.remote.RemoteTestNG.initAndRun(RemoteTestNG.java:251)
at org.testng.remote.RemoteTestNG.main(RemoteTestNG.java:77)
]]>
    </error>
  </testcase> <!-- beforeMethod -->
  <testcase name="f" time="0.000" classname="switches.AlertHandling">
    <skipped/>
  </testcase> <!-- f -->
</testsuite> <!-- switches.AlertHandling -->
